<?xml version="1.0" encoding="UTF-8"?>
<!-- Generated by org.testng.reporters.JUnitReportReporter -->
<testsuite hostname="DESKTOP-3KEJSI8" failures="0" tests="1" name="Runner_script.Script1" time="26.552" errors="0" timestamp="2023-07-03T21:52:15 IST" skipped="0">
  <testcase classname="Runner_script.Script1" name="fb" time="26.552"/>
</testsuite> <!-- Runner_script.Script1 -->
